<?xml version="1.0" encoding="UTF-8"?>
<testsuite xmlns:xsi="http://www.w3.org/2001/XMLSchema-instance" xsi:noNamespaceSchemaLocation="https://maven.apache.org/surefire/maven-surefire-plugin/xsd/surefire-test-report.xsd" name="ac.HeadlessTest" time="5.109" tests="1" errors="0" skipped="0" failures="1">
  <properties>
[...]
</properties>
  <testcase name="HeadlessFirefoxDriverTest" classname="ac.HeadlessTest" time="5.076">
    <failure message="Failed to open website" type="java.lang.AssertionError">java.lang.AssertionError: Failed to open website
	at ac.HeadlessTest.HeadlessFirefoxDriverTest(HeadlessTest.java:46)
</failure>
    <system-out><![CDATA[Welcome to Maven World
]]></system-out>
    <system-err><![CDATA[1599710569470	geckodriver	INFO	Listening on 127.0.0.1:29147
1599710569618	mozrunner::runner	INFO	Running command: "/usr/bin/firefox" "--marionette" "--headless" "-foreground" "-no-remote" "-profile" "/tmp/rust_mozprofileita5tt"
*** You are running in headless mode.
1599710572058	Marionette	INFO	Listening on port 33889
Sep 10, 2020 12:02:53 AM org.openqa.selenium.remote.ProtocolHandshake createSession
INFO: Detected dialect: W3C
[main] INFO ac.HeadlessTest - Page opened: Apache HTTP Server Test Page powered by CentOS
]]></system-err>
  </testcase>
</testsuite>